<?xml version="1.0" encoding="UTF-8"?>
<!-- Generated by org.testng.reporters.JUnitReportReporter -->
<testsuite skipped="1" hostname="NILESH-PC" name="com.avactis.usertest.LoginTest" tests="1" failures="0" timestamp="13 Mar 2019 11:08:26 GMT" time="0.000" errors="0">
  <testcase name="verifyValidLogin" time="0.000" classname="com.avactis.usertest.LoginTest">
    <skipped/>
  </testcase> <!-- verifyValidLogin -->
</testsuite> <!-- com.avactis.usertest.LoginTest -->
