<?xml version="1.0" encoding="UTF-8"?>
<!-- Generated by org.testng.reporters.JUnitReportReporter -->
<testsuite skipped="0" hostname="NILESH-PC" name="com.avactis.usertest.CartTest" tests="2" failures="0" timestamp="05 Mar 2019 13:01:50 GMT" time="36.491" errors="0">
  <testcase name="enterInvalidCoupan" time="18.509" classname="com.avactis.usertest.CartTest"/>
  <testcase name="verifyCardItem" time="17.982" classname="com.avactis.usertest.CartTest"/>
</testsuite> <!-- com.avactis.usertest.CartTest -->
