<?xml version="1.0" encoding="UTF-8"?>
<!-- Generated by org.testng.reporters.JUnitReportReporter -->
<testsuite skipped="0" hostname="NILESH-PC" name="com.avactis.usertest.RegistrationTest" tests="1" failures="0" timestamp="04 Apr 2019 13:38:12 GMT" time="19.959" errors="0">
  <testcase name="verifyErrorMsg" time="19.959" classname="com.avactis.usertest.RegistrationTest"/>
</testsuite> <!-- com.avactis.usertest.RegistrationTest -->
