<?xml version="1.0" encoding="UTF-8"?>
<!-- Generated by org.testng.reporters.JUnitReportReporter -->
<testsuite skipped="0" hostname="NILESH-PC" name="com.UserTest.RegistrationTest" tests="2" failures="0" timestamp="06 Feb 2019 10:33:33 GMT" time="13.058" errors="0">
  <testcase name="verifyValidation_Message" time="5.644" classname="com.UserTest.RegistrationTest"/>
  <testcase name="verifyUserAlreadyMsg" time="7.414" classname="com.UserTest.RegistrationTest"/>
</testsuite> <!-- com.UserTest.RegistrationTest -->
