<?xml version="1.0" encoding="UTF-8"?>
<!-- Generated by org.testng.reporters.JUnitReportReporter -->
<testsuite skipped="0" hostname="NILESH-PC" name="com.avactis.usertest.TestBuyProduct" tests="1" failures="0" timestamp="20 Feb 2019 13:28:05 GMT" time="29.857" errors="0">
  <testcase name="selctItemVerfiyCart" time="29.857" classname="com.avactis.usertest.TestBuyProduct"/>
</testsuite> <!-- com.avactis.usertest.TestBuyProduct -->
