<?xml version="1.0" encoding="UTF-8"?>
<!-- Generated by org.testng.reporters.JUnitReportReporter -->
<testsuite skipped="0" hostname="NILESH-PC" name="com.avactis.admin.test.AdminLoginTest" tests="3" failures="0" timestamp="07 Feb 2019 12:18:36 GMT" time="4.473" errors="0">
  <testcase name="verify_ValidLogin" time="2.588" classname="com.avactis.admin.test.AdminLoginTest"/>
  <testcase name="verify_InvalidLogin" time="1.741" classname="com.avactis.admin.test.AdminLoginTest"/>
  <testcase name="verifyLogin_PageUI" time="0.144" classname="com.avactis.admin.test.AdminLoginTest"/>
</testsuite> <!-- com.avactis.admin.test.AdminLoginTest -->
