<?xml version="1.0" encoding="UTF-8"?>
<!-- Generated by org.testng.reporters.JUnitReportReporter -->
<testsuite skipped="0" hostname="NILESH-PC" name="com.avactis.usertest.TestBuyProduct" tests="1" failures="0" timestamp="26 Feb 2019 06:46:42 GMT" time="44.122" errors="0">
  <testcase name="selctItemVerfiyCart" time="44.122" classname="com.avactis.usertest.TestBuyProduct"/>
</testsuite> <!-- com.avactis.usertest.TestBuyProduct -->
