<?xml version="1.0" encoding="UTF-8"?>
<!-- Generated by org.testng.reporters.JUnitReportReporter -->
<testsuite skipped="0" hostname="NILESH-PC" name="com.avactis.usertest.TestBuyProduct" tests="1" failures="0" timestamp="04 Mar 2019 13:16:25 GMT" time="74.125" errors="0">
  <testcase name="selctItemVerfiyCart" time="74.125" classname="com.avactis.usertest.TestBuyProduct"/>
</testsuite> <!-- com.avactis.usertest.TestBuyProduct -->
