<?xml version="1.0" encoding="UTF-8"?>
<!-- Generated by org.testng.reporters.JUnitReportReporter -->
<testsuite skipped="0" hostname="NILESH-PC" name="com.avactis.usertest.SearchResult" tests="1" failures="0" timestamp="12 Feb 2019 11:31:27 GMT" time="13.168" errors="0">
  <testcase name="testing" time="13.168" classname="com.avactis.usertest.SearchResult"/>
</testsuite> <!-- com.avactis.usertest.SearchResult -->
