<?xml version="1.0" encoding="UTF-8"?>
<!-- Generated by org.testng.reporters.JUnitReportReporter -->
<testsuite skipped="0" hostname="NILESH-PC" name="com.UserTest.RegistrationTest" tests="1" failures="0" timestamp="05 Feb 2019 12:45:03 GMT" time="7.915" errors="0">
  <testcase name="verifyValidation_Message" time="7.915" classname="com.UserTest.RegistrationTest"/>
</testsuite> <!-- com.UserTest.RegistrationTest -->
