<?xml version="1.0" encoding="UTF-8"?>
<!-- Generated by org.testng.reporters.JUnitReportReporter -->
<testsuite skipped="0" hostname="NILESH-PC" name="com.avactis.usertest.RegistrationTest" tests="2" failures="0" timestamp="07 Feb 2019 09:26:28 GMT" time="12.806" errors="0">
  <testcase name="verifyUserAlreadyMsg" time="7.087" classname="com.avactis.usertest.RegistrationTest"/>
  <testcase name="verifyValidation_Message" time="5.719" classname="com.avactis.usertest.RegistrationTest"/>
</testsuite> <!-- com.avactis.usertest.RegistrationTest -->
