<?xml version="1.0" encoding="UTF-8"?>
<!-- Generated by org.testng.reporters.JUnitReportReporter -->
<testsuite skipped="0" hostname="NILESH-PC" name="com.avactis.admin.test.AdminLoginTest" tests="3" failures="0" timestamp="19 Mar 2019 12:56:31 GMT" time="31.999" errors="0">
  <testcase name="verifyLogin_PageUI" time="0.175" classname="com.avactis.admin.test.AdminLoginTest"/>
  <testcase name="verify_ValidLogin" time="3.413" classname="com.avactis.admin.test.AdminLoginTest"/>
  <testcase name="table" time="28.411" classname="com.avactis.admin.test.AdminLoginTest"/>
</testsuite> <!-- com.avactis.admin.test.AdminLoginTest -->
