<?xml version="1.0" encoding="UTF-8"?>
<!-- Generated by org.testng.reporters.JUnitReportReporter -->
<testsuite skipped="0" hostname="NILESH-PC" name="com.avactis.usertest.CartTest" tests="1" failures="0" timestamp="18 Feb 2019 06:15:51 GMT" time="0.148" errors="0">
  <testcase name="verifyCardItem" time="0.148" classname="com.avactis.usertest.CartTest"/>
</testsuite> <!-- com.avactis.usertest.CartTest -->
